<?xml version="1.0" encoding="UTF-8"?>
<!-- Generated by org.testng.reporters.JUnitXMLReporter -->
<testsuite ignored="5" hostname="192.168.1.11" failures="0" tests="1" name="Default test" time="2.574" errors="0" timestamp="17 Sep 2021 12:38:16 GMT">
  <testcase classname="qaautomation.august2021.APITest" name="registerUsingFaker" time="2.558"/>
  <testcase classname="qaautomation.august2021.APITest" name="dashboardAPI" time="0.0">
    <ignored/>
  </testcase> <!-- dashboardAPI -->
  <testcase classname="qaautomation.august2021.APITest" name="dashboardAPIWithSchema" time="0.0">
    <ignored/>
  </testcase> <!-- dashboardAPIWithSchema -->
  <testcase classname="qaautomation.august2021.APITest" name="userAPI" time="0.0">
    <ignored/>
  </testcase> <!-- userAPI -->
  <testcase classname="qaautomation.august2021.APITest" name="configAPI" time="0.0">
    <ignored/>
  </testcase> <!-- configAPI -->
  <testcase classname="qaautomation.august2021.APITest" name="incorrectLoginAPI" time="0.0">
    <ignored/>
  </testcase> <!-- incorrectLoginAPI -->
</testsuite> <!-- Default test -->
