<?xml version="1.0" encoding="UTF-8"?>
<!-- Generated by org.testng.reporters.JUnitXMLReporter -->
<testsuite ignored="4" hostname="192.168.1.10" failures="0" tests="1" name="Default test" time="62.089" errors="0" timestamp="25 Sep 2021 04:06:17 GMT">
  <testcase classname="qaautomation.august2021.SwitchTest" name="testMakeMyTrip" time="50.958"/>
  <testcase classname="qaautomation.august2021.SwitchTest" name="testYopmail" time="0.0">
    <ignored/>
  </testcase> <!-- testYopmail -->
  <testcase classname="qaautomation.august2021.SwitchTest" name="testForwardBackRefresh" time="0.0">
    <ignored/>
  </testcase> <!-- testForwardBackRefresh -->
  <testcase classname="qaautomation.august2021.SwitchTest" name="testSwitching" time="0.0">
    <ignored/>
  </testcase> <!-- testSwitching -->
  <testcase classname="qaautomation.august2021.SwitchTest" name="testSwitchingWindow" time="0.0">
    <ignored/>
  </testcase> <!-- testSwitchingWindow -->
</testsuite> <!-- Default test -->
