<?xml version="1.0" encoding="UTF-8"?>
<testsuite xmlns:xsi="http://www.w3.org/2001/XMLSchema-instance" xsi:noNamespaceSchemaLocation="https://maven.apache.org/surefire/maven-surefire-plugin/xsd/surefire-test-report.xsd" name="TestSuite" time="439.148" tests="13" errors="0" skipped="0" failures="1">
  <properties>
[...]
</properties>
  <testcase name="test" classname="qaautomation.august2021.AppTest" time="19.102"/>
  <testcase name="test1" classname="qaautomation.august2021.AppTest" time="19.638"/>
  <testcase name="configAPI" classname="qaautomation.august2021.APITest" time="1.54"/>
  <testcase name="dashboardAPIWithSchema" classname="qaautomation.august2021.APITest" time="1.882">
    <failure message="com.fasterxml.jackson.core.JsonParseException: Unexpected character (&apos;&lt;&apos; (code 60)): expected a valid value (JSON String, Number, Array, Object or token &apos;null&apos;, &apos;true&apos; or &apos;false&apos;)&#10; at [Source: (StringReader); line: 1, column: 2]" type="io.restassured.module.jsv.JsonSchemaValidationException"><![CDATA[io.restassured.module.jsv.JsonSchemaValidationException: 
com.fasterxml.jackson.core.JsonParseException: Unexpected character ('<' (code 60)): expected a valid value (JSON String, Number, Array, Object or token 'null', 'true' or 'false')
 at [Source: (StringReader); line: 1, column: 2]
	at qaautomation.august2021.APITest.dashboardAPIWithSchema(APITest.java:67)
Caused by: com.fasterxml.jackson.core.JsonParseException: 
Unexpected character ('<' (code 60)): expected a valid value (JSON String, Number, Array, Object or token 'null', 'true' or 'false')
 at [Source: (StringReader); line: 1, column: 2]
	at qaautomation.august2021.APITest.dashboardAPIWithSchema(APITest.java:67)
]]></failure>
    <system-out><![CDATA[Request method:	GET
Request URI:	https://api-staging-builder.engineer.ai/build-cards?status=completed
Proxy:			<none>
Request params:	status=completed
Query params:	<none>
Form params:	<none>
Path params:	<none>
Headers:		authtoken=ZtjxxzguoBcF26AsmUNn
				Accept=*/*
				Content-Type=application/json
Cookies:		<none>
Multiparts:		<none>
Body:			<none>
]]></system-out>
  </testcase>
  <testcase name="fakerEmail" classname="qaautomation.august2021.APITest" time="0.177"/>
  <testcase name="incorrectLoginAPI" classname="qaautomation.august2021.APITest" time="1.477"/>
  <testcase name="test1" classname="qaautomation.august2021.FailedTest" time="17.794"/>
  <testcase name="testForwardBackRefresh" classname="qaautomation.august2021.SwitchTest" time="8.719"/>
  <testcase name="testSwitchIframe" classname="qaautomation.august2021.SwitchTest" time="8.135"/>
  <testcase name="testSwitching" classname="qaautomation.august2021.SwitchTest" time="6.128"/>
  <testcase name="testSwitchingWindow" classname="qaautomation.august2021.SwitchTest" time="2.503"/>
  <testcase name="userAPI" classname="qaautomation.august2021.APITest" time="1.607"/>
  <testcase name="dashboardAPI" classname="qaautomation.august2021.APITest" time="2.291"/>
</testsuite>