<?xml version="1.0" encoding="UTF-8"?>
<testng-results ignored="5" total="6" passed="1" failed="0" skipped="0">
  <reporter-output>
  </reporter-output>
  <suite started-at="2021-09-17T12:38:13Z" name="Default suite" finished-at="2021-09-17T12:38:16Z" duration-ms="2574">
    <groups>
    </groups>
    <test started-at="2021-09-17T12:38:13Z" name="Default test" finished-at="2021-09-17T12:38:16Z" duration-ms="2574">
      <class name="qaautomation.august2021.APITest">
        <test-method is-config="true" signature="testLoginAPI()[pri:0, instance:qaautomation.august2021.APITest@3301500b]" started-at="2021-09-17T12:38:10Z" name="testLoginAPI" finished-at="2021-09-17T12:38:13Z" duration-ms="3260" status="PASS">
          <reporter-output>
          </reporter-output>
        </test-method> <!-- testLoginAPI -->
        <test-method signature="registerUsingFaker()[pri:0, instance:qaautomation.august2021.APITest@3301500b]" started-at="2021-09-17T12:38:13Z" name="registerUsingFaker" finished-at="2021-09-17T12:38:16Z" duration-ms="2558" status="PASS">
          <reporter-output>
          </reporter-output>
        </test-method> <!-- registerUsingFaker -->
      </class> <!-- qaautomation.august2021.APITest -->
    </test> <!-- Default test -->
  </suite> <!-- Default suite -->
</testng-results>
